app/build/intermediates/manifest_merge_blame_file/debug/manifest-merger-blame-debug-report.txt
1<?xml version="1.0" encoding="utf-8"?>
2<manifest xmlns:android="http://schemas.android.com/apk/res/android"
3    package="com.yhy.hzzll"
4    android:versionCode="30"
5    android:versionName="4.0.1" >
6
7    <uses-sdk
8        android:minSdkVersion="19"
8-->src\main\AndroidManifest.xml
9        android:targetSdkVersion="27" />
9-->src\main\AndroidManifest.xml
10
11    <uses-permission android:name="android.permission.REQUEST_INSTALL_PACKAGES" />
11-->src\main\AndroidManifest.xml:6:5-82
11-->src\main\AndroidManifest.xml:6:22-80
12
13    <!-- 云信IM start -->
14    <uses-permission android:name="android.permission.INTERNET" />
14-->src\main\AndroidManifest.xml:9:5-67
14-->src\main\AndroidManifest.xml:9:22-64
15    <uses-permission android:name="android.permission.ACCESS_NETWORK_STATE" />
15-->src\main\AndroidManifest.xml:10:5-79
15-->src\main\AndroidManifest.xml:10:22-76
16    <uses-permission android:name="android.permission.ACCESS_WIFI_STATE" />
16-->src\main\AndroidManifest.xml:11:5-76
16-->src\main\AndroidManifest.xml:11:22-73
17    <uses-permission android:name="android.permission.READ_PHONE_STATE" />
17-->src\main\AndroidManifest.xml:12:5-75
17-->src\main\AndroidManifest.xml:12:22-72
18    <!-- 控制呼吸灯，振动器等，用于新消息提醒 -->
19    <uses-permission android:name="android.permission.FLASHLIGHT" />
19-->src\main\AndroidManifest.xml:14:5-69
19-->src\main\AndroidManifest.xml:14:22-66
20    <uses-permission android:name="android.permission.VIBRATE" />
20-->src\main\AndroidManifest.xml:15:5-66
20-->src\main\AndroidManifest.xml:15:22-63
21    <!-- 外置存储存取权限 -->
22    <uses-permission android:name="android.permission.READ_EXTERNAL_STORAGE" />
22-->src\main\AndroidManifest.xml:17:5-80
22-->src\main\AndroidManifest.xml:17:22-77
23    <uses-permission android:name="android.permission.WRITE_EXTERNAL_STORAGE" />
23-->src\main\AndroidManifest.xml:18:5-81
23-->src\main\AndroidManifest.xml:18:22-78
24
25    <!-- 多媒体相关 -->
26    <uses-permission android:name="android.permission.CAMERA" />
26-->src\main\AndroidManifest.xml:21:5-65
26-->src\main\AndroidManifest.xml:21:22-62
27    <uses-permission android:name="android.permission.RECORD_AUDIO" />
27-->src\main\AndroidManifest.xml:22:5-71
27-->src\main\AndroidManifest.xml:22:22-68
28    <uses-permission android:name="android.permission.READ_PHONE_STATE" />
28-->src\main\AndroidManifest.xml:12:5-75
28-->src\main\AndroidManifest.xml:12:22-72
29
30    <!-- 如果需要实时音视频通话模块，下面的权限也是必须的。否则，可以不加 -->
31    <uses-permission android:name="android.permission.BLUETOOTH" />
31-->src\main\AndroidManifest.xml:26:5-68
31-->src\main\AndroidManifest.xml:26:22-65
32    <uses-permission android:name="android.permission.BLUETOOTH_ADMIN" />
32-->src\main\AndroidManifest.xml:27:5-74
32-->src\main\AndroidManifest.xml:27:22-71
33    <uses-permission android:name="android.permission.MODIFY_AUDIO_SETTINGS" />
33-->src\main\AndroidManifest.xml:28:5-80
33-->src\main\AndroidManifest.xml:28:22-77
34    <uses-permission android:name="android.permission.BROADCAST_STICKY" />
34-->src\main\AndroidManifest.xml:29:5-75
34-->src\main\AndroidManifest.xml:29:22-72
35
36    <uses-feature android:name="android.hardware.camera" />
36-->src\main\AndroidManifest.xml:31:5-60
36-->src\main\AndroidManifest.xml:31:19-57
37    <uses-feature android:name="android.hardware.camera.autofocus" />
37-->src\main\AndroidManifest.xml:32:5-70
37-->src\main\AndroidManifest.xml:32:19-67
38    <uses-feature
38-->src\main\AndroidManifest.xml:33:5-35:35
39        android:glEsVersion="0x00020000"
39-->src\main\AndroidManifest.xml:34:9-41
40        android:required="true" />
40-->src\main\AndroidManifest.xml:35:9-32
41
42    <!-- SDK 权限申明, 第三方 APP 接入时，请将 com.netease.nim.demo 替换为自己的包名 -->
43    <!-- 和下面的 uses-permission 一起加入到你的 AndroidManifest 文件中。 -->
44    <permission
44-->src\main\AndroidManifest.xml:39:5-41:47
45        android:name="com.yhy.hzzll.permission.RECEIVE_MSG"
45-->src\main\AndroidManifest.xml:40:9-60
46        android:protectionLevel="signature" />
46-->src\main\AndroidManifest.xml:41:9-44
47    <!-- 接收 SDK 消息广播权限， 第三方 APP 接入时，请将 com.netease.nim.demo 替换为自己的包名 -->
48    <uses-permission android:name="com.yhy.hzzll.permission.RECEIVE_MSG" />
48-->src\main\AndroidManifest.xml:43:5-76
48-->src\main\AndroidManifest.xml:43:22-73
49
50    <!-- 云信IM end -->
51
52
53    <!-- 阿里巴巴 数据分析 -->
54    <uses-permission android:name="android.permission.INTERNET" />
54-->src\main\AndroidManifest.xml:9:5-67
54-->src\main\AndroidManifest.xml:9:22-64
55    <uses-permission android:name="android.permission.ACCESS_NETWORK_STATE" />
55-->src\main\AndroidManifest.xml:10:5-79
55-->src\main\AndroidManifest.xml:10:22-76
56    <uses-permission android:name="android.permission.GET_TASKS" />
56-->src\main\AndroidManifest.xml:51:5-68
56-->src\main\AndroidManifest.xml:51:22-65
57    <uses-permission android:name="android.permission.READ_PHONE_STATE" />
57-->src\main\AndroidManifest.xml:12:5-75
57-->src\main\AndroidManifest.xml:12:22-72
58    <uses-permission android:name="android.permission.ACCESS_WIFI_STATE" />
58-->src\main\AndroidManifest.xml:11:5-76
58-->src\main\AndroidManifest.xml:11:22-73
59    <uses-permission android:name="android.permission.WRITE_EXTERNAL_STORAGE" />
59-->src\main\AndroidManifest.xml:18:5-81
59-->src\main\AndroidManifest.xml:18:22-78
60    <uses-permission android:name="android.permission.READ_SETTINGS" />
60-->src\main\AndroidManifest.xml:55:5-72
60-->src\main\AndroidManifest.xml:55:22-69
61    <uses-permission android:name="android.permission.WRITE_SETTINGS" />
61-->src\main\AndroidManifest.xml:56:5-73
61-->src\main\AndroidManifest.xml:56:22-70
62    <uses-permission android:name="android.permission.READ_EXTERNAL_STORAGE" />
62-->src\main\AndroidManifest.xml:17:5-80
62-->src\main\AndroidManifest.xml:17:22-77
63
64    <!-- 阿里移动推送相关权限 -->
65    <!-- Android 6.0版本可去除，用于选举信息（通道复用）的同步 -->
66    <uses-permission android:name="android.permission.WRITE_SETTINGS" />
66-->src\main\AndroidManifest.xml:56:5-73
66-->src\main\AndroidManifest.xml:56:22-70
67    <!-- 进行网络访问和网络状态监控相关的权限声明 -->
68    <uses-permission android:name="android.permission.INTERNET" />
68-->src\main\AndroidManifest.xml:9:5-67
68-->src\main\AndroidManifest.xml:9:22-64
69    <uses-permission android:name="android.permission.ACCESS_NETWORK_STATE" />
69-->src\main\AndroidManifest.xml:10:5-79
69-->src\main\AndroidManifest.xml:10:22-76
70    <uses-permission android:name="android.permission.ACCESS_WIFI_STATE" />
70-->src\main\AndroidManifest.xml:11:5-76
70-->src\main\AndroidManifest.xml:11:22-73
71    <!-- 允许对sd卡进行读写操作 -->
72    <uses-permission android:name="android.permission.WRITE_EXTERNAL_STORAGE" />
72-->src\main\AndroidManifest.xml:18:5-81
72-->src\main\AndroidManifest.xml:18:22-78
73    <!-- 网络库使用，当网络操作时需要确保事务完成不被杀掉 -->
74    <uses-permission android:name="android.permission.WAKE_LOCK" />
74-->src\main\AndroidManifest.xml:69:5-68
74-->src\main\AndroidManifest.xml:69:22-65
75    <!-- 用于读取手机硬件信息等，用于机型过滤 -->
76    <uses-permission android:name="android.permission.READ_PHONE_STATE" />
76-->src\main\AndroidManifest.xml:12:5-75
76-->src\main\AndroidManifest.xml:12:22-72
77    <!-- 选举使用，当应用有删除或者更新时需要重新选举，复用推送通道 -->
78    <uses-permission android:name="android.permission.BROADCAST_PACKAGE_CHANGED" />
78-->src\main\AndroidManifest.xml:73:5-84
78-->src\main\AndroidManifest.xml:73:22-81
79    <uses-permission android:name="android.permission.BROADCAST_PACKAGE_REPLACED" />
79-->src\main\AndroidManifest.xml:74:5-85
79-->src\main\AndroidManifest.xml:74:22-82
80    <!-- <uses-permission android:name="android.permission.RESTART_PACKAGES" /> -->
81    <!-- 补偿通道小米PUSH使用，不用可去除 -->
82    <!-- <uses-permission android:name="android.permission.GET_TASKS" /> -->
83    <!-- 补偿通道GCM使用，不使用可去除 -->
84    <uses-permission android:name="android.permission.GET_ACCOUNTS" />
84-->src\main\AndroidManifest.xml:79:5-71
84-->src\main\AndroidManifest.xml:79:22-68
85    <!-- 允许监听启动完成事件 -->
86    <uses-permission android:name="android.permission.RECEIVE_BOOT_COMPLETED" />
86-->src\main\AndroidManifest.xml:81:5-81
86-->src\main\AndroidManifest.xml:81:22-78
87    <!-- 允许访问震动器 -->
88    <uses-permission android:name="android.permission.VIBRATE" />
88-->src\main\AndroidManifest.xml:15:5-66
88-->src\main\AndroidManifest.xml:15:22-63
89    <!-- 允许task重排序 -->
90    <uses-permission android:name="android.permission.REORDER_TASKS" />
90-->src\main\AndroidManifest.xml:85:5-72
90-->src\main\AndroidManifest.xml:85:22-69
91
92    <!-- 写入扩展存储，向扩展卡写入数据， -->
93    <uses-permission android:name="android.permission.WRITE_EXTERNAL_STORAGE" />
93-->src\main\AndroidManifest.xml:18:5-81
93-->src\main\AndroidManifest.xml:18:22-78
94    <uses-permission android:name="android.permission.READ_EXTERNAL_STORAGE" />
94-->src\main\AndroidManifest.xml:17:5-80
94-->src\main\AndroidManifest.xml:17:22-77
95
96    <!-- SD卡读取权限 -->
97    <uses-permission android:name="android.permission.MOUNT_UNMOUNT_FILESYSTEMS" />
97-->src\main\AndroidManifest.xml:92:5-84
97-->src\main\AndroidManifest.xml:92:22-81
98    <uses-permission android:name="android.permission.INTERNET" />
98-->src\main\AndroidManifest.xml:9:5-67
98-->src\main\AndroidManifest.xml:9:22-64
99    <uses-permission android:name="android.permission.READ_EXTERNAL_STORAGE" />
99-->src\main\AndroidManifest.xml:17:5-80
99-->src\main\AndroidManifest.xml:17:22-77
100    <uses-permission android:name="android.permission.MOUNT_UNMOUNT_FILESYSTEMS" />
100-->src\main\AndroidManifest.xml:92:5-84
100-->src\main\AndroidManifest.xml:92:22-81
101    <uses-permission android:name="android.permission.RESTART_PACKAGES" />
101-->src\main\AndroidManifest.xml:96:5-75
101-->src\main\AndroidManifest.xml:96:22-72
102    <uses-permission android:name="android.permission.ACCESS_NETWORK_STATE" />
102-->src\main\AndroidManifest.xml:10:5-79
102-->src\main\AndroidManifest.xml:10:22-76
103    <uses-permission android:name="android.permission.ACCESS_COARSE_LOCATION" />
103-->src\main\AndroidManifest.xml:98:5-81
103-->src\main\AndroidManifest.xml:98:22-78
104    <uses-permission android:name="android.permission.INTERNET" />
104-->src\main\AndroidManifest.xml:9:5-67
104-->src\main\AndroidManifest.xml:9:22-64
105    <!--
106    <uses-permission android:name="android.permission.ACCESS_MOCK_LOCATION" >
107    </uses-permission>
108    -->
109    <uses-permission android:name="android.permission.ACCESS_FINE_LOCATION" />
109-->src\main\AndroidManifest.xml:104:5-79
109-->src\main\AndroidManifest.xml:104:22-76
110    <uses-permission android:name="com.android.launcher.permission.READ_SETTINGS" />
110-->src\main\AndroidManifest.xml:105:5-85
110-->src\main\AndroidManifest.xml:105:22-82
111    <uses-permission android:name="android.permission.WAKE_LOCK" />
111-->src\main\AndroidManifest.xml:69:5-68
111-->src\main\AndroidManifest.xml:69:22-65
112    <uses-permission android:name="android.permission.CHANGE_WIFI_STATE" />
112-->src\main\AndroidManifest.xml:107:5-76
112-->src\main\AndroidManifest.xml:107:22-73
113    <uses-permission android:name="android.permission.ACCESS_WIFI_STATE" />
113-->src\main\AndroidManifest.xml:11:5-76
113-->src\main\AndroidManifest.xml:11:22-73
114    <uses-permission android:name="android.permission.ACCESS_GPS" />
114-->src\main\AndroidManifest.xml:109:5-69
114-->src\main\AndroidManifest.xml:109:22-66
115    <uses-permission android:name="android.permission.READ_PHONE_STATE" />
115-->src\main\AndroidManifest.xml:12:5-75
115-->src\main\AndroidManifest.xml:12:22-72
116    <uses-permission android:name="android.permission.READ_CONTACTS" />
116-->src\main\AndroidManifest.xml:111:5-72
116-->src\main\AndroidManifest.xml:111:22-69
117    <uses-permission android:name="android.permission.CALL_PHONE" />
117-->src\main\AndroidManifest.xml:112:5-69
117-->src\main\AndroidManifest.xml:112:22-66
118    <uses-permission android:name="android.permission.READ_SMS" />
118-->src\main\AndroidManifest.xml:113:5-67
118-->src\main\AndroidManifest.xml:113:22-64
119    <uses-permission android:name="android.permission.SEND_SMS" />
119-->src\main\AndroidManifest.xml:114:5-67
119-->src\main\AndroidManifest.xml:114:22-64
120    <!-- SDK1.5需要android.permission.GET_TASKS权限判断本程序是否为当前运行的应用? -->
121    <!-- <uses-permission android:name="android.permission.GET_TASKS" /> -->
122    <uses-permission android:name="android.permission.CAMERA" />
122-->src\main\AndroidManifest.xml:21:5-65
122-->src\main\AndroidManifest.xml:21:22-62
123    <uses-permission android:name="android.permission.RECORD_AUDIO" />
123-->src\main\AndroidManifest.xml:22:5-71
123-->src\main\AndroidManifest.xml:22:22-68
124    <uses-permission android:name="android.permission.WRITE_EXTERNAL_STORAGE" />
124-->src\main\AndroidManifest.xml:18:5-81
124-->src\main\AndroidManifest.xml:18:22-78
125    <uses-permission android:name="android.permission.RECEIVE_BOOT_COMPLETED" />
125-->src\main\AndroidManifest.xml:81:5-81
125-->src\main\AndroidManifest.xml:81:22-78
126    <uses-permission android:name="android.permission.BROADCAST_STICKY" />
126-->src\main\AndroidManifest.xml:29:5-75
126-->src\main\AndroidManifest.xml:29:22-72
127    <uses-permission android:name="android.permission.WRITE_SETTINGS" />
127-->src\main\AndroidManifest.xml:56:5-73
127-->src\main\AndroidManifest.xml:56:22-70
128    <!-- 来电消音 -->
129    <uses-permission android:name="android.permission.PROCESS_OUTGOING_CALLS" />
129-->src\main\AndroidManifest.xml:124:5-81
129-->src\main\AndroidManifest.xml:124:22-78
130    <uses-permission android:name="android.permission.MODIFY_AUDIO_SETTINGS" />
130-->src\main\AndroidManifest.xml:28:5-80
130-->src\main\AndroidManifest.xml:28:22-77
131    <uses-permission android:name="android.permission.VIBRATE" />
131-->src\main\AndroidManifest.xml:15:5-66
131-->src\main\AndroidManifest.xml:15:22-63
132
133    <!-- for android -->
134    <!-- <uses-permission android:name="com.android.launcher.permission.READ_SETTINGS"/> -->
135    <!-- <uses-permission android:name="com.android.launcher.permission.WRITE_SETTINGS"/> -->
136    <!-- <uses-permission android:name="com.android.launcher.permission.INSTALL_SHORTCUT" /> -->
137    <!-- <uses-permission android:name="com.android.launcher.permission.UNINSTALL_SHORTCUT" /> -->
138    <!-- for Samsung -->
139    <uses-permission android:name="com.sec.android.provider.badge.permission.READ" />
139-->[me.leolin:ShortcutBadger:1.1.17] AndroidManifest.xml:19:5-86
139-->[me.leolin:ShortcutBadger:1.1.17] AndroidManifest.xml:19:22-83
140    <uses-permission android:name="com.sec.android.provider.badge.permission.WRITE" /> <!-- for htc -->
140-->[me.leolin:ShortcutBadger:1.1.17] AndroidManifest.xml:20:5-87
140-->[me.leolin:ShortcutBadger:1.1.17] AndroidManifest.xml:20:22-84
141    <uses-permission android:name="com.htc.launcher.permission.READ_SETTINGS" />
141-->[me.leolin:ShortcutBadger:1.1.17] AndroidManifest.xml:23:5-81
141-->[me.leolin:ShortcutBadger:1.1.17] AndroidManifest.xml:23:22-78
142    <uses-permission android:name="com.htc.launcher.permission.UPDATE_SHORTCUT" /> <!-- for sony -->
142-->[me.leolin:ShortcutBadger:1.1.17] AndroidManifest.xml:24:5-83
142-->[me.leolin:ShortcutBadger:1.1.17] AndroidManifest.xml:24:22-80
143    <uses-permission android:name="com.sonyericsson.home.permission.BROADCAST_BADGE" />
143-->[me.leolin:ShortcutBadger:1.1.17] AndroidManifest.xml:27:5-88
143-->[me.leolin:ShortcutBadger:1.1.17] AndroidManifest.xml:27:22-85
144    <uses-permission android:name="com.sonymobile.home.permission.PROVIDER_INSERT_BADGE" /> <!-- for apex -->
144-->[me.leolin:ShortcutBadger:1.1.17] AndroidManifest.xml:28:5-92
144-->[me.leolin:ShortcutBadger:1.1.17] AndroidManifest.xml:28:22-89
145    <uses-permission android:name="com.anddoes.launcher.permission.UPDATE_COUNT" /> <!-- for solid -->
145-->[me.leolin:ShortcutBadger:1.1.17] AndroidManifest.xml:31:5-84
145-->[me.leolin:ShortcutBadger:1.1.17] AndroidManifest.xml:31:22-81
146    <uses-permission android:name="com.majeur.launcher.permission.UPDATE_BADGE" /> <!-- for huawei -->
146-->[me.leolin:ShortcutBadger:1.1.17] AndroidManifest.xml:34:5-83
146-->[me.leolin:ShortcutBadger:1.1.17] AndroidManifest.xml:34:22-80
147    <uses-permission android:name="com.huawei.android.launcher.permission.CHANGE_BADGE" />
147-->[me.leolin:ShortcutBadger:1.1.17] AndroidManifest.xml:37:5-91
147-->[me.leolin:ShortcutBadger:1.1.17] AndroidManifest.xml:37:22-88
148    <uses-permission android:name="com.huawei.android.launcher.permission.READ_SETTINGS" />
148-->[me.leolin:ShortcutBadger:1.1.17] AndroidManifest.xml:38:5-92
148-->[me.leolin:ShortcutBadger:1.1.17] AndroidManifest.xml:38:22-89
149    <uses-permission android:name="com.huawei.android.launcher.permission.WRITE_SETTINGS" /> <!-- for ZUK -->
149-->[me.leolin:ShortcutBadger:1.1.17] AndroidManifest.xml:39:5-93
149-->[me.leolin:ShortcutBadger:1.1.17] AndroidManifest.xml:39:22-90
150    <uses-permission android:name="android.permission.READ_APP_BADGE" /> <!-- for OPPO -->
150-->[me.leolin:ShortcutBadger:1.1.17] AndroidManifest.xml:42:5-73
150-->[me.leolin:ShortcutBadger:1.1.17] AndroidManifest.xml:42:22-70
151    <uses-permission android:name="com.oppo.launcher.permission.READ_SETTINGS" />
151-->[me.leolin:ShortcutBadger:1.1.17] AndroidManifest.xml:45:5-82
151-->[me.leolin:ShortcutBadger:1.1.17] AndroidManifest.xml:45:22-79
152    <uses-permission android:name="com.oppo.launcher.permission.WRITE_SETTINGS" /> <!-- for EvMe -->
152-->[me.leolin:ShortcutBadger:1.1.17] AndroidManifest.xml:46:5-83
152-->[me.leolin:ShortcutBadger:1.1.17] AndroidManifest.xml:46:22-80
153    <uses-permission android:name="me.everything.badger.permission.BADGE_COUNT_READ" />
153-->[me.leolin:ShortcutBadger:1.1.17] AndroidManifest.xml:49:5-88
153-->[me.leolin:ShortcutBadger:1.1.17] AndroidManifest.xml:49:22-85
154    <uses-permission android:name="me.everything.badger.permission.BADGE_COUNT_WRITE" />
154-->[me.leolin:ShortcutBadger:1.1.17] AndroidManifest.xml:50:5-89
154-->[me.leolin:ShortcutBadger:1.1.17] AndroidManifest.xml:50:22-86
155
156    <application
156-->src\main\AndroidManifest.xml:128:5-862:19
157        android:name="com.yhy.hzzll.framework.HzApplication"
157-->src\main\AndroidManifest.xml:129:9-48
158        android:allowBackup="true"
158-->src\main\AndroidManifest.xml:130:9-35
159        android:appComponentFactory="androidx.core.app.CoreComponentFactory"
159-->[androidx.core:core:1.3.2] AndroidManifest.xml:24:18-86
160        android:debuggable="true"
161        android:icon="@drawable/app"
161-->src\main\AndroidManifest.xml:131:9-37
162        android:label="@string/app_name"
162-->src\main\AndroidManifest.xml:132:9-41
163        android:supportsRtl="true"
163-->[:ooslibrary] AndroidManifest.xml:14:9-35
164        android:testOnly="true"
165        android:theme="@style/AppTheme" >
165-->src\main\AndroidManifest.xml:133:9-40
166        <uses-library
166-->src\main\AndroidManifest.xml:136:9-137:50
167            android:name="org.apache.http.legacy"
167-->src\main\AndroidManifest.xml:136:23-60
168            android:required="false" />
168-->src\main\AndroidManifest.xml:136:61-85
169
170        <meta-data
170-->src\main\AndroidManifest.xml:138:9-140:40
171            android:name="com.alibaba.app.appkey"
171-->src\main\AndroidManifest.xml:139:13-50
172            android:value="23676126" /> <!-- 请填写你自己的- appKey -->
172-->src\main\AndroidManifest.xml:140:13-37
173
174        <meta-data
174-->src\main\AndroidManifest.xml:142:9-144:64
175            android:name="com.alibaba.app.appsecret"
175-->src\main\AndroidManifest.xml:143:13-53
176            android:value="73c75e2a92ea8c5b111593d4e329ad9c" /> <!-- 请填写你自己的appSecret -->
176-->src\main\AndroidManifest.xml:144:13-61
177
178        <provider
178-->src\main\AndroidManifest.xml:146:9-154:20
179            android:name="androidx.core.content.FileProvider"
179-->src\main\AndroidManifest.xml:147:13-62
180            android:authorities="com.yhy.hzzll.fileprovider"
180-->src\main\AndroidManifest.xml:148:13-61
181            android:exported="false"
181-->src\main\AndroidManifest.xml:149:13-37
182            android:grantUriPermissions="true" >
182-->src\main\AndroidManifest.xml:150:13-47
183            <meta-data
183-->src\main\AndroidManifest.xml:151:13-153:54
184                android:name="android.support.FILE_PROVIDER_PATHS"
184-->src\main\AndroidManifest.xml:152:17-67
185                android:resource="@xml/file_paths" />
185-->src\main\AndroidManifest.xml:153:17-51
186        </provider>
187
188        <activity
188-->src\main\AndroidManifest.xml:156:9-167:20
189            android:name="com.yhy.hzzll.mian.activity.GuideActivity"
189-->src\main\AndroidManifest.xml:157:13-56
190            android:configChanges="orientation|keyboardHidden|screenSize"
190-->src\main\AndroidManifest.xml:159:13-74
191            android:screenOrientation="portrait"
191-->src\main\AndroidManifest.xml:160:13-49
192            android:theme="@style/StartTheme"
192-->src\main\AndroidManifest.xml:158:13-46
193            android:windowSoftInputMode="adjustPan" >
193-->src\main\AndroidManifest.xml:161:13-52
194            <intent-filter>
194-->src\main\AndroidManifest.xml:162:13-166:29
195                <action android:name="android.intent.action.MAIN" />
195-->src\main\AndroidManifest.xml:163:17-69
195-->src\main\AndroidManifest.xml:163:25-66
196
197                <category android:name="android.intent.category.LAUNCHER" />
197-->src\main\AndroidManifest.xml:165:17-77
197-->src\main\AndroidManifest.xml:165:27-74
198            </intent-filter>
199        </activity>
200        <activity
200-->src\main\AndroidManifest.xml:168:9-173:55
201            android:name="com.yhy.hzzll.mian.activity.MainActivity"
201-->src\main\AndroidManifest.xml:169:13-55
202            android:configChanges="orientation|keyboardHidden|screenSize"
202-->src\main\AndroidManifest.xml:170:13-74
203            android:launchMode="singleTask"
203-->src\main\AndroidManifest.xml:171:13-44
204            android:screenOrientation="portrait"
204-->src\main\AndroidManifest.xml:172:13-49
205            android:windowSoftInputMode="adjustPan" />
205-->src\main\AndroidManifest.xml:173:13-52
206        <activity
206-->src\main\AndroidManifest.xml:174:9-178:55
207            android:name="com.yhy.hzzll.mian.activity.RegisterActivity"
207-->src\main\AndroidManifest.xml:175:13-59
208            android:configChanges="orientation|keyboardHidden|screenSize"
208-->src\main\AndroidManifest.xml:176:13-74
209            android:screenOrientation="portrait"
209-->src\main\AndroidManifest.xml:177:13-49
210            android:windowSoftInputMode="adjustPan" />
210-->src\main\AndroidManifest.xml:178:13-52
211        <activity
211-->src\main\AndroidManifest.xml:179:9-183:55
212            android:name="com.yhy.hzzll.message.SerahActivity"
212-->src\main\AndroidManifest.xml:180:13-50
213            android:configChanges="orientation|keyboardHidden|screenSize"
213-->src\main\AndroidManifest.xml:181:13-74
214            android:screenOrientation="portrait"
214-->src\main\AndroidManifest.xml:182:13-49
215            android:windowSoftInputMode="adjustPan" />
215-->src\main\AndroidManifest.xml:183:13-52
216        <activity
216-->src\main\AndroidManifest.xml:184:9-188:55
217            android:name="com.yhy.hzzll.home.activity.collaborate.PublishCollaborationActivity"
217-->src\main\AndroidManifest.xml:185:13-83
218            android:configChanges="orientation|keyboardHidden|screenSize"
218-->src\main\AndroidManifest.xml:186:13-74
219            android:screenOrientation="portrait"
219-->src\main\AndroidManifest.xml:187:13-49
220            android:windowSoftInputMode="adjustPan" />
220-->src\main\AndroidManifest.xml:188:13-52
221        <activity
221-->src\main\AndroidManifest.xml:189:9-193:55
222            android:name="com.yhy.hzzll.my.activity.TreasureActivity"
222-->src\main\AndroidManifest.xml:190:13-57
223            android:configChanges="orientation|keyboardHidden|screenSize"
223-->src\main\AndroidManifest.xml:191:13-74
224            android:screenOrientation="portrait"
224-->src\main\AndroidManifest.xml:192:13-49
225            android:windowSoftInputMode="adjustPan" />
225-->src\main\AndroidManifest.xml:193:13-52
226        <activity
226-->src\main\AndroidManifest.xml:194:9-198:55
227            android:name="com.yhy.hzzll.my.activity.MyFocusActivity"
227-->src\main\AndroidManifest.xml:195:13-56
228            android:configChanges="orientation|keyboardHidden|screenSize"
228-->src\main\AndroidManifest.xml:196:13-74
229            android:screenOrientation="portrait"
229-->src\main\AndroidManifest.xml:197:13-49
230            android:windowSoftInputMode="adjustPan" />
230-->src\main\AndroidManifest.xml:198:13-52
231        <activity
231-->src\main\AndroidManifest.xml:199:9-203:55
232            android:name="com.yhy.hzzll.my.activity.MyPLawyerActivity"
232-->src\main\AndroidManifest.xml:200:13-58
233            android:configChanges="orientation|keyboardHidden|screenSize"
233-->src\main\AndroidManifest.xml:201:13-74
234            android:screenOrientation="portrait"
234-->src\main\AndroidManifest.xml:202:13-49
235            android:windowSoftInputMode="adjustPan" />
235-->src\main\AndroidManifest.xml:203:13-52
236        <activity
236-->src\main\AndroidManifest.xml:204:9-208:55
237            android:name="com.yhy.hzzll.my.activity.MyCaseActivity"
237-->src\main\AndroidManifest.xml:205:13-55
238            android:configChanges="orientation|keyboardHidden|screenSize"
238-->src\main\AndroidManifest.xml:206:13-74
239            android:screenOrientation="portrait"
239-->src\main\AndroidManifest.xml:207:13-49
240            android:windowSoftInputMode="adjustPan" />
240-->src\main\AndroidManifest.xml:208:13-52
241        <activity
241-->src\main\AndroidManifest.xml:209:9-213:55
242            android:name="com.yhy.hzzll.my.activity.MyFootmarkActivity"
242-->src\main\AndroidManifest.xml:210:13-59
243            android:configChanges="orientation|keyboardHidden|screenSize"
243-->src\main\AndroidManifest.xml:211:13-74
244            android:screenOrientation="portrait"
244-->src\main\AndroidManifest.xml:212:13-49
245            android:windowSoftInputMode="adjustPan" />
245-->src\main\AndroidManifest.xml:213:13-52
246        <activity
246-->src\main\AndroidManifest.xml:214:9-218:55
247            android:name="com.yhy.hzzll.my.activity.FansActivity"
247-->src\main\AndroidManifest.xml:215:13-53
248            android:configChanges="orientation|keyboardHidden|screenSize"
248-->src\main\AndroidManifest.xml:216:13-74
249            android:screenOrientation="portrait"
249-->src\main\AndroidManifest.xml:217:13-49
250            android:windowSoftInputMode="adjustPan" />
250-->src\main\AndroidManifest.xml:218:13-52
251        <activity
251-->src\main\AndroidManifest.xml:219:9-223:55
252            android:name="com.yhy.hzzll.home.activity.collaborate.LawyerCollaboratActivity"
252-->src\main\AndroidManifest.xml:220:13-79
253            android:configChanges="orientation|keyboardHidden|screenSize"
253-->src\main\AndroidManifest.xml:221:13-74
254            android:screenOrientation="portrait"
254-->src\main\AndroidManifest.xml:222:13-49
255            android:windowSoftInputMode="adjustPan" />
255-->src\main\AndroidManifest.xml:223:13-52
256        <activity
256-->src\main\AndroidManifest.xml:224:9-228:55
257            android:name="com.yhy.hzzll.my.activity.SettingActivity"
257-->src\main\AndroidManifest.xml:225:13-56
258            android:configChanges="orientation|keyboardHidden|screenSize"
258-->src\main\AndroidManifest.xml:226:13-74
259            android:screenOrientation="portrait"
259-->src\main\AndroidManifest.xml:227:13-49
260            android:windowSoftInputMode="adjustPan" />
260-->src\main\AndroidManifest.xml:228:13-52
261        <activity
261-->src\main\AndroidManifest.xml:229:9-233:55
262            android:name="com.yhy.hzzll.my.activity.PersonDataLawyerActivity"
262-->src\main\AndroidManifest.xml:230:13-65
263            android:configChanges="orientation|keyboardHidden|screenSize"
263-->src\main\AndroidManifest.xml:231:13-74
264            android:screenOrientation="portrait"
264-->src\main\AndroidManifest.xml:232:13-49
265            android:windowSoftInputMode="adjustPan" />
265-->src\main\AndroidManifest.xml:233:13-52
266        <activity
266-->src\main\AndroidManifest.xml:234:9-238:55
267            android:name="com.yhy.hzzll.my.activity.AccountSafeActivity"
267-->src\main\AndroidManifest.xml:235:13-60
268            android:configChanges="orientation|keyboardHidden|screenSize"
268-->src\main\AndroidManifest.xml:236:13-74
269            android:screenOrientation="portrait"
269-->src\main\AndroidManifest.xml:237:13-49
270            android:windowSoftInputMode="adjustPan" />
270-->src\main\AndroidManifest.xml:238:13-52
271        <activity
271-->src\main\AndroidManifest.xml:239:9-243:55
272            android:name="com.yhy.hzzll.my.activity.AuthenticationActivity"
272-->src\main\AndroidManifest.xml:240:13-63
273            android:configChanges="orientation|keyboardHidden|screenSize"
273-->src\main\AndroidManifest.xml:241:13-74
274            android:screenOrientation="portrait"
274-->src\main\AndroidManifest.xml:242:13-49
275            android:windowSoftInputMode="adjustPan" />
275-->src\main\AndroidManifest.xml:243:13-52
276        <activity
276-->src\main\AndroidManifest.xml:244:9-248:55
277            android:name="com.yhy.hzzll.my.activity.AuthenticatRealLawActivity"
277-->src\main\AndroidManifest.xml:245:13-67
278            android:configChanges="orientation|keyboardHidden|screenSize"
278-->src\main\AndroidManifest.xml:246:13-74
279            android:screenOrientation="portrait"
279-->src\main\AndroidManifest.xml:247:13-49
280            android:windowSoftInputMode="adjustPan" />
280-->src\main\AndroidManifest.xml:248:13-52
281        <activity
281-->src\main\AndroidManifest.xml:249:9-253:55
282            android:name="com.yhy.hzzll.my.activity.AuthenticationPhoneActivity"